{"numTotalTestSuites":17,"numPassedTestSuites":14,"numFailedTestSuites":3,"numPendingTestSuites":0,"numTotalTests":38,"numPassedTests":37,"numFailedTests":1,"numPendingTests":0,"numTodoTests":0,"snapshot":{"added":0,"failure":false,"filesAdded":0,"filesRemoved":0,"filesRemovedList":[],"filesUnmatched":0,"filesUpdated":0,"matched":0,"total":0,"unchecked":0,"uncheckedKeysByFile":[],"unmatched":0,"updated":0,"didUpdate":false},"startTime":1781561316006,"success":false,"testResults":[{"assertionResults":[{"ancestorTitles":["Mobile-resume Firestore reconnect (V17 fix, 2026-06-16 shared-util refactor)","R1: App.jsx wires the shared reconnect"],"fullName":"Mobile-resume Firestore reconnect (V17 fix, 2026-06-16 shared-util refactor) R1: App.jsx wires the shared reconnect R1.1: App.jsx imports reconnectFirestore from the shared util","status":"passed","title":"R1.1: App.jsx imports reconnectFirestore from the shared util","duration":1.6489000000001397,"failureMessages":[],"meta":{},"tags":[]},{"ancestorTitles":["Mobile-resume Firestore reconnect (V17 fix, 2026-06-16 shared-util refactor)","R1: App.jsx wires the shared reconnect"],"fullName":"Mobile-resume Firestore reconnect (V17 fix, 2026-06-16 shared-util refactor) R1: App.jsx wires the shared reconnect R1.2: App.jsx no longer imports disableNetwork/enableNetwork directly (moved to the util)","status":"passed","title":"R1.2: App.jsx no longer imports disableNetwork/enableNetwork directly (moved to the util)","duration":0.24299999999993815,"failureMessages":[],"meta":{},"tags":[]},{"ancestorTitles":["Mobile-resume Firestore reconnect (V17 fix, 2026-06-16 shared-util refactor)","R2: visibility/online listeners exist + call reconnectFirestore"],"fullName":"Mobile-resume Firestore reconnect (V17 fix, 2026-06-16 shared-util refactor) R2: visibility/online listeners exist + call reconnectFirestore R2.1: App.jsx adds visibilitychange listener","status":"passed","title":"R2.1: App.jsx adds visibilitychange listener","duration":0.16689999999994143,"failureMessages":[],"meta":{},"tags":[]},{"ancestorTitles":["Mobile-resume Firestore reconnect (V17 fix, 2026-06-16 shared-util refactor)","R2: visibility/online listeners exist + call reconnectFirestore"],"fullName":"Mobile-resume Firestore reconnect (V17 fix, 2026-06-16 shared-util refactor) R2: visibility/online listeners exist + call reconnectFirestore R2.2: App.jsx adds online listener","status":"passed","title":"R2.2: App.jsx adds online listener","duration":0.17799999999988358,"failureMessages":[],"meta":{},"tags":[]},{"ancestorTitles":["Mobile-resume Firestore reconnect (V17 fix, 2026-06-16 shared-util refactor)","R2: visibility/online listeners exist + call reconnectFirestore"],"fullName":"Mobile-resume Firestore reconnect (V17 fix, 2026-06-16 shared-util refactor) R2: visibility/online listeners exist + call reconnectFirestore R2.3: visibilitychange handler checks document.visibilityState === \"visible\" then reconnects","status":"passed","title":"R2.3: visibilitychange handler checks document.visibilityState === \"visible\" then reconnects","duration":0.16390000000001237,"failureMessages":[],"meta":{},"tags":[]},{"ancestorTitles":["Mobile-resume Firestore reconnect (V17 fix, 2026-06-16 shared-util refactor)","R2: visibility/online listeners exist + call reconnectFirestore"],"fullName":"Mobile-resume Firestore reconnect (V17 fix, 2026-06-16 shared-util refactor) R2: visibility/online listeners exist + call reconnectFirestore R2.4: online handler calls reconnectFirestore","status":"passed","title":"R2.4: online handler calls reconnectFirestore","duration":0.13700000000017099,"failureMessages":[],"meta":{},"tags":[]},{"ancestorTitles":["Mobile-resume Firestore reconnect (V17 fix, 2026-06-16 shared-util refactor)","R3: the shared util toggles disableNetwork → enableNetwork"],"fullName":"Mobile-resume Firestore reconnect (V17 fix, 2026-06-16 shared-util refactor) R3: the shared util toggles disableNetwork → enableNetwork R3.1: firestoreReconnect imports disableNetwork + enableNetwork","status":"passed","title":"R3.1: firestoreReconnect imports disableNetwork + enableNetwork","duration":0.18469999999979336,"failureMessages":[],"meta":{},"tags":[]},{"ancestorTitles":["Mobile-resume Firestore reconnect (V17 fix, 2026-06-16 shared-util refactor)","R3: the shared util toggles disableNetwork → enableNetwork"],"fullName":"Mobile-resume Firestore reconnect (V17 fix, 2026-06-16 shared-util refactor) R3: the shared util toggles disableNetwork → enableNetwork R3.2: disableNetwork(db) is called before enableNetwork(db)","status":"passed","title":"R3.2: disableNetwork(db) is called before enableNetwork(db)","duration":0.17849999999998545,"failureMessages":[],"meta":{},"tags":[]},{"ancestorTitles":["Mobile-resume Firestore reconnect (V17 fix, 2026-06-16 shared-util refactor)","R4: debounce / no-thrash (in the shared util)"],"fullName":"Mobile-resume Firestore reconnect (V17 fix, 2026-06-16 shared-util refactor) R4: debounce / no-thrash (in the shared util) R4.1: reconnect logic is debounced (timestamp guard)","status":"passed","title":"R4.1: reconnect logic is debounced (timestamp guard)","duration":0.2919999999999163,"failureMessages":[],"meta":{},"tags":[]},{"ancestorTitles":["Mobile-resume Firestore reconnect (V17 fix, 2026-06-16 shared-util refactor)","R4: debounce / no-thrash (in the shared util)"],"fullName":"Mobile-resume Firestore reconnect (V17 fix, 2026-06-16 shared-util refactor) R4: debounce / no-thrash (in the shared util) R4.2: reconnect is reentrancy-safe (in-flight guard)","status":"passed","title":"R4.2: reconnect is reentrancy-safe (in-flight guard)","duration":0.23279999999999745,"failureMessages":[],"meta":{},"tags":[]},{"ancestorTitles":["Mobile-resume Firestore reconnect (V17 fix, 2026-06-16 shared-util refactor)","R5: cleanup"],"fullName":"Mobile-resume Firestore reconnect (V17 fix, 2026-06-16 shared-util refactor) R5: cleanup R5.1: visibilitychange listener is removed in cleanup","status":"passed","title":"R5.1: visibilitychange listener is removed in cleanup","duration":0.20870000000013533,"failureMessages":[],"meta":{},"tags":[]},{"ancestorTitles":["Mobile-resume Firestore reconnect (V17 fix, 2026-06-16 shared-util refactor)","R5: cleanup"],"fullName":"Mobile-resume Firestore reconnect (V17 fix, 2026-06-16 shared-util refactor) R5: cleanup R5.2: online listener is removed in cleanup","status":"passed","title":"R5.2: online listener is removed in cleanup","duration":0.2377000000001317,"failureMessages":[],"meta":{},"tags":[]},{"ancestorTitles":["Mobile-resume Firestore reconnect (V17 fix, 2026-06-16 shared-util refactor)","R6: zero-polling guarantee"],"fullName":"Mobile-resume Firestore reconnect (V17 fix, 2026-06-16 shared-util refactor) R6: zero-polling guarantee R6.1: reconnect logic does NOT use setInterval","status":"passed","title":"R6.1: reconnect logic does NOT use setInterval","duration":0.11580000000003565,"failureMessages":[],"meta":{},"tags":[]}],"startTime":1781561317415,"endTime":1781561317419.2378,"status":"passed","message":"","name":"F:/LoverClinic-app/tests/extended/mobile-resume-firestore-reconnect.test.js"},{"assertionResults":[{"ancestorTitles":["Race-condition fix: public-link pages must not flash error pre-auth","R1: App.jsx — needsPublicAuth gate"],"fullName":"Race-condition fix: public-link pages must not flash error pre-auth R1: App.jsx — needsPublicAuth gate R1.1: defines needsPublicAuth covering all 3 public-link types","status":"passed","title":"R1.1: defines needsPublicAuth covering all 3 public-link types","duration":1.6918000000000575,"failureMessages":[],"meta":{},"tags":[]},{"ancestorTitles":["Race-condition fix: public-link pages must not flash error pre-auth","R1: App.jsx — needsPublicAuth gate"],"fullName":"Race-condition fix: public-link pages must not flash error pre-auth R1: App.jsx — needsPublicAuth gate R1.2: signInAnonymously useEffect uses needsPublicAuth (not just sessionFromUrl)","status":"passed","title":"R1.2: signInAnonymously useEffect uses needsPublicAuth (not just sessionFromUrl)","duration":0.28959999999983665,"failureMessages":[],"meta":{},"tags":[]},{"ancestorTitles":["Race-condition fix: public-link pages must not flash error pre-auth","R1: App.jsx — needsPublicAuth gate"],"fullName":"Race-condition fix: public-link pages must not flash error pre-auth R1: App.jsx — needsPublicAuth gate R1.3: render gate — when needsPublicAuth && !user, returns loading (not page)","status":"passed","title":"R1.3: render gate — when needsPublicAuth && !user, returns loading (not page)","duration":0.274599999999964,"failureMessages":[],"meta":{},"tags":[]},{"ancestorTitles":["Race-condition fix: public-link pages must not flash error pre-auth","R2: PatientForm.jsx — sessionExists null=loading, never flash error pre-auth"],"fullName":"Race-condition fix: public-link pages must not flash error pre-auth R2: PatientForm.jsx — sessionExists null=loading, never flash error pre-auth R2.1: sessionExists initial state is null (not true)","status":"passed","title":"R2.1: sessionExists initial state is null (not true)","duration":0.197400000000016,"failureMessages":[],"meta":{},"tags":[]},{"ancestorTitles":["Race-condition fix: public-link pages must not flash error pre-auth","R2: PatientForm.jsx — sessionExists null=loading, never flash error pre-auth"],"fullName":"Race-condition fix: public-link pages must not flash error pre-auth R2: PatientForm.jsx — sessionExists null=loading, never flash error pre-auth R2.2: render guard — error page only when sessionExists === false (explicit), not falsy","status":"passed","title":"R2.2: render guard — error page only when sessionExists === false (explicit), not falsy","duration":0.15229999999996835,"failureMessages":[],"meta":{},"tags":[]},{"ancestorTitles":["Race-condition fix: public-link pages must not flash error pre-auth","R2: PatientForm.jsx — sessionExists null=loading, never flash error pre-auth"],"fullName":"Race-condition fix: public-link pages must not flash error pre-auth R2: PatientForm.jsx — sessionExists null=loading, never flash error pre-auth R2.3: render guard — sessionExists === null branch shows loading spinner","status":"passed","title":"R2.3: render guard — sessionExists === null branch shows loading spinner","duration":0.1899999999998272,"failureMessages":[],"meta":{},"tags":[]},{"ancestorTitles":["Race-condition fix: public-link pages must not flash error pre-auth","R2: PatientForm.jsx — sessionExists null=loading, never flash error pre-auth"],"fullName":"Race-condition fix: public-link pages must not flash error pre-auth R2: PatientForm.jsx — sessionExists null=loading, never flash error pre-auth R2.4: onSnapshot listener gated on user (not !sessionId only)","status":"passed","title":"R2.4: onSnapshot listener gated on user (not !sessionId only)","duration":0.16589999999996508,"failureMessages":[],"meta":{},"tags":[]},{"ancestorTitles":["Race-condition fix: public-link pages must not flash error pre-auth","R2: PatientForm.jsx — sessionExists null=loading, never flash error pre-auth"],"fullName":"Race-condition fix: public-link pages must not flash error pre-auth R2: PatientForm.jsx — sessionExists null=loading, never flash error pre-auth R2.5: snapshot listener sets sessionExists=true on first server-confirmed exists()","status":"passed","title":"R2.5: snapshot listener sets sessionExists=true on first server-confirmed exists()","duration":0.15499999999997272,"failureMessages":[],"meta":{},"tags":[]},{"ancestorTitles":["Race-condition fix: public-link pages must not flash error pre-auth","R3: PatientDashboard.jsx — gated on clinicSettingsLoaded"],"fullName":"Race-condition fix: public-link pages must not flash error pre-auth R3: PatientDashboard.jsx — gated on clinicSettingsLoaded R3.1: status initial state is \"loading\"","status":"passed","title":"R3.1: status initial state is \"loading\"","duration":0.19280000000003383,"failureMessages":[],"meta":{},"tags":[]},{"ancestorTitles":["Race-condition fix: public-link pages must not flash error pre-auth","R3: PatientDashboard.jsx — gated on clinicSettingsLoaded"],"fullName":"Race-condition fix: public-link pages must not flash error pre-auth R3: PatientDashboard.jsx — gated on clinicSettingsLoaded R3.2: load useEffect waits for clinicSettingsLoaded","status":"passed","title":"R3.2: load useEffect waits for clinicSettingsLoaded","duration":0.2580000000000382,"failureMessages":[],"meta":{},"tags":[]},{"ancestorTitles":["Race-condition fix: public-link pages must not flash error pre-auth","R3: PatientDashboard.jsx — gated on clinicSettingsLoaded"],"fullName":"Race-condition fix: public-link pages must not flash error pre-auth R3: PatientDashboard.jsx — gated on clinicSettingsLoaded R3.3: load useEffect deps include clinicSettingsLoaded","status":"failed","title":"R3.3: load useEffect deps include clinicSettingsLoaded","duration":3.6865999999999985,"failureMessages":["AssertionError: expected deps array on PatientDashboard load effect: expected null to be truthy\n    at F:/LoverClinic-app/tests/extended/public-link-auth-race.test.js:141:80\n    at file:///F:/LoverClinic-app/node_modules/@vitest/runner/dist/chunk-artifact.js:302:11\n    at file:///F:/LoverClinic-app/node_modules/@vitest/runner/dist/chunk-artifact.js:1903:26\n    at file:///F:/LoverClinic-app/node_modules/@vitest/runner/dist/chunk-artifact.js:2326:20\n    at new Promise (<anonymous>)\n    at runWithCancel (file:///F:/LoverClinic-app/node_modules/@vitest/runner/dist/chunk-artifact.js:2323:10)\n    at file:///F:/LoverClinic-app/node_modules/@vitest/runner/dist/chunk-artifact.js:2305:20\n    at new Promise (<anonymous>)\n    at runWithTimeout (file:///F:/LoverClinic-app/node_modules/@vitest/runner/dist/chunk-artifact.js:2272:10)\n    at file:///F:/LoverClinic-app/node_modules/@vitest/runner/dist/chunk-artifact.js:2955:64"],"meta":{},"tags":[]},{"ancestorTitles":["Race-condition fix: public-link pages must not flash error pre-auth","R4: ClinicSchedule.jsx — authReady gate"],"fullName":"Race-condition fix: public-link pages must not flash error pre-auth R4: ClinicSchedule.jsx — authReady gate R4.1: imports auth from firebase.js","status":"passed","title":"R4.1: imports auth from firebase.js","duration":0.19970000000012078,"failureMessages":[],"meta":{},"tags":[]},{"ancestorTitles":["Race-condition fix: public-link pages must not flash error pre-auth","R4: ClinicSchedule.jsx — authReady gate"],"fullName":"Race-condition fix: public-link pages must not flash error pre-auth R4: ClinicSchedule.jsx — authReady gate R4.2: tracks authReady state (initial = !!auth.currentUser)","status":"passed","title":"R4.2: tracks authReady state (initial = !!auth.currentUser)","duration":0.1778999999999087,"failureMessages":[],"meta":{},"tags":[]},{"ancestorTitles":["Race-condition fix: public-link pages must not flash error pre-auth","R4: ClinicSchedule.jsx — authReady gate"],"fullName":"Race-condition fix: public-link pages must not flash error pre-auth R4: ClinicSchedule.jsx — authReady gate R4.3: subscribes to onAuthStateChanged","status":"passed","title":"R4.3: subscribes to onAuthStateChanged","duration":0.09749999999985448,"failureMessages":[],"meta":{},"tags":[]},{"ancestorTitles":["Race-condition fix: public-link pages must not flash error pre-auth","R4: ClinicSchedule.jsx — authReady gate"],"fullName":"Race-condition fix: public-link pages must not flash error pre-auth R4: ClinicSchedule.jsx — authReady gate R4.4: subscription useEffect early-returns if !authReady","status":"passed","title":"R4.4: subscription useEffect early-returns if !authReady","duration":0.14409999999998035,"failureMessages":[],"meta":{},"tags":[]},{"ancestorTitles":["Race-condition fix: public-link pages must not flash error pre-auth","R4: ClinicSchedule.jsx — authReady gate"],"fullName":"Race-condition fix: public-link pages must not flash error pre-auth R4: ClinicSchedule.jsx — authReady gate R4.5: subscription useEffect deps include authReady","status":"passed","title":"R4.5: subscription useEffect deps include authReady","duration":0.10940000000005057,"failureMessages":[],"meta":{},"tags":[]},{"ancestorTitles":["Race-condition fix: public-link pages must not flash error pre-auth","R5: cross-cutting invariant — no public-link page sets error state synchronously on mount"],"fullName":"Race-condition fix: public-link pages must not flash error pre-auth R5: cross-cutting invariant — no public-link page sets error state synchronously on mount R5.PatientForm: file does NOT have setSessionExists(false) / setStatus('notfound') as a top-level useState initializer","status":"passed","title":"R5.PatientForm: file does NOT have setSessionExists(false) / setStatus('notfound') as a top-level useState initializer","duration":0.7957999999998719,"failureMessages":[],"meta":{},"tags":[]},{"ancestorTitles":["Race-condition fix: public-link pages must not flash error pre-auth","R5: cross-cutting invariant — no public-link page sets error state synchronously on mount"],"fullName":"Race-condition fix: public-link pages must not flash error pre-auth R5: cross-cutting invariant — no public-link page sets error state synchronously on mount R5.PatientDashboard: file does NOT have setSessionExists(false) / setStatus('notfound') as a top-level useState initializer","status":"passed","title":"R5.PatientDashboard: file does NOT have setSessionExists(false) / setStatus('notfound') as a top-level useState initializer","duration":0.44849999999996726,"failureMessages":[],"meta":{},"tags":[]},{"ancestorTitles":["Race-condition fix: public-link pages must not flash error pre-auth","R5: cross-cutting invariant — no public-link page sets error state synchronously on mount"],"fullName":"Race-condition fix: public-link pages must not flash error pre-auth R5: cross-cutting invariant — no public-link page sets error state synchronously on mount R5.ClinicSchedule: file does NOT have setSessionExists(false) / setStatus('notfound') as a top-level useState initializer","status":"passed","title":"R5.ClinicSchedule: file does NOT have setSessionExists(false) / setStatus('notfound') as a top-level useState initializer","duration":0.33140000000003056,"failureMessages":[],"meta":{},"tags":[]},{"ancestorTitles":["Race-condition fix: public-link pages must not flash error pre-auth","R6: render-order invariant — auth gate runs BEFORE route returns in App.jsx"],"fullName":"Race-condition fix: public-link pages must not flash error pre-auth R6: render-order invariant — auth gate runs BEFORE route returns in App.jsx R6.1: every public-link route check is preceded by needsPublicAuth gate","status":"passed","title":"R6.1: every public-link route check is preceded by needsPublicAuth gate","duration":0.24329999999986285,"failureMessages":[],"meta":{},"tags":[]},{"ancestorTitles":["Race-condition fix: public-link pages must not flash error pre-auth","R7: V23 — writer-side anon-update patterns intact"],"fullName":"Race-condition fix: public-link pages must not flash error pre-auth R7: V23 — writer-side anon-update patterns intact R7.1: PatientForm handleSubmit catch alert exists (Thai/EN error text)","status":"passed","title":"R7.1: PatientForm handleSubmit catch alert exists (Thai/EN error text)","duration":0.14380000000005566,"failureMessages":[],"meta":{},"tags":[]},{"ancestorTitles":["Race-condition fix: public-link pages must not flash error pre-auth","R7: V23 — writer-side anon-update patterns intact"],"fullName":"Race-condition fix: public-link pages must not flash error pre-auth R7: V23 — writer-side anon-update patterns intact R7.2: handleSubmit calls updateDoc with status + patientData payload","status":"passed","title":"R7.2: handleSubmit calls updateDoc with status + patientData payload","duration":0.21010000000001128,"failureMessages":[],"meta":{},"tags":[]},{"ancestorTitles":["Race-condition fix: public-link pages must not flash error pre-auth","R7: V23 — writer-side anon-update patterns intact"],"fullName":"Race-condition fix: public-link pages must not flash error pre-auth R7: V23 — writer-side anon-update patterns intact R7.3: PatientDashboard fetchCoursesViaApi awaited updateDoc preserved (line ~410)","status":"passed","title":"R7.3: PatientDashboard fetchCoursesViaApi awaited updateDoc preserved (line ~410)","duration":0.1933000000001357,"failureMessages":[],"meta":{},"tags":[]},{"ancestorTitles":["Race-condition fix: public-link pages must not flash error pre-auth","R7: V23 — writer-side anon-update patterns intact"],"fullName":"Race-condition fix: public-link pages must not flash error pre-auth R7: V23 — writer-side anon-update patterns intact R7.4: PatientDashboard fire-and-forget pattern preserved (line ~403)","status":"passed","title":"R7.4: PatientDashboard fire-and-forget pattern preserved (line ~403)","duration":0.12149999999996908,"failureMessages":[],"meta":{},"tags":[]},{"ancestorTitles":["Race-condition fix: public-link pages must not flash error pre-auth","R7: V23 — writer-side anon-update patterns intact"],"fullName":"Race-condition fix: public-link pages must not flash error pre-auth R7: V23 — writer-side anon-update patterns intact R7.5: V23 sweep — exact updateDoc count per anon-reachable page","status":"passed","title":"R7.5: V23 sweep — exact updateDoc count per anon-reachable page","duration":1.0588000000000193,"failureMessages":[],"meta":{},"tags":[]}],"startTime":1781561317413,"endTime":1781561317426.0588,"status":"failed","message":"","name":"F:/LoverClinic-app/tests/extended/public-link-auth-race.test.js"}]}